build/app/outputs/mapping/release/usage.txt
sutherland.com.flutter_portfolio.BuildConfig
sutherland.com.flutter_portfolio.R$dimen
sutherland.com.flutter_portfolio.R$integer
sutherland.com.flutter_portfolio.R$mipmap
sutherland.com.flutter_portfolio.R$style
sutherland.com.flutter_portfolio.R
sutherland.com.flutter_portfolio.R$drawable
sutherland.com.flutter_portfolio.R$layout
sutherland.com.flutter_portfolio.R$string
sutherland.com.flutter_portfolio.R$color
sutherland.com.flutter_portfolio.R$attr
sutherland.com.flutter_portfolio.R$styleable
sutherland.com.flutter_portfolio.R$id
...
kotlin.WasExperimental
kotlin.jvm.internal.DoubleCompanionObject
androidx.core.text.PrecomputedTextCompat$Params$Builder
kotlin.collections.ArraysKt___ArraysKt$asIterable$$inlined$Iterable$5
kotlin.collections.GroupingKt__GroupingKt
androidx.annotation.DrawableRes
io.flutter.plugin.platform.PlatformViewRegistryImpl:
    public boolean registerViewFactory(java.lang.String,io.flutter.plugin.platform.PlatformViewFactory)
androidx.core.app.ServiceCompat$StopForegroundFlags
androidx.loader.R$style
kotlin.UIntArray$Iterator
kotlin.collections.ArraysKt
io.flutter.util.ViewUtils:
    public void <init>()
androidx.core.net.ConnectivityManagerCompat
kotlin.comparisons.ComparisonsKt__ComparisonsKt$compareBy$1
kotlin.text.MatcherMatchResult$groupValues$1
androidx.core.content.res.ResourcesCompat$FontCallback$2
androidx.customview.R$styleable
kotlin.js.JsName
kotlin.reflect.TypeOfKt
io.flutter.embedding.engine.FlutterEngineConnectionRegistry:
    public void add(io.flutter.embedding.engine.plugins.FlutterPlugin)
    public void add(java.util.Set)
    public boolean has(java.lang.Class)
    public io.flutter.embedding.engine.plugins.FlutterPlugin get(java.lang.Class)
    public void attachToActivity(android.app.Activity,androidx.lifecycle.Lifecycle)
    public void attachToService(android.app.Service,androidx.lifecycle.Lifecycle,boolean)
    public void onMoveToForeground()
    public void onMoveToBackground()
    public void attachToBroadcastReceiver(android.content.BroadcastReceiver,androidx.lifecycle.Lifecycle)
    public void attachToContentProvider(android.content.ContentProvider,androidx.lifecycle.Lifecycle)
    private io.flutter.embedding.engine.FlutterEngineConnectionRegistry$FlutterEngineBroadcastReceiverPluginBinding broadcastReceiverPluginBinding
    private io.flutter.embedding.engine.FlutterEngineConnectionRegistry$FlutterEngineContentProviderPluginBinding contentProviderPluginBinding
    private static final java.lang.String TAG
org.intellij.lang.annotations.JdkConstants
kotlin.collections.ArraysKt___ArraysJvmKt$asList$7
kotlin.coroutines.CoroutineContext$Key
androidx.core.app.JobIntentService$JobServiceEngineImpl$WrapperWorkItem
kotlin.reflect.KAnnotatedElement
androidx.core.view.ViewPropertyAnimatorCompat$ViewPropertyAnimatorListenerApi14
kotlin.sequences.USequencesKt
androidx.core.app.NotificationCompatSideChannelService$NotificationSideChannelStub
androidx.activity.R$integer
org.intellij.lang.annotations.PrintFormatPattern
kotlin.ranges.URangesKt___URangesKt
kotlin.coroutines.experimental.SafeContinuation$Fail
kotlin.collections.ArraysKt___ArraysKt$asSequence$$inlined$Sequence$4
kotlin.sequences.SequencesKt___SequencesKt$filterIndexed$1
kotlin.reflect.KProperty1$Getter
kotlin.reflect.KDeclarationContainer
kotlin.coroutines.jvm.internal.DebugProbesKt
kotlin.collections.AbstractMap$values$1
androidx.lifecycle.ViewModelStoreOwner
androidx.core.content.SharedPreferencesCompat
androidx.lifecycle.MutableLiveData
io.flutter.view.FlutterRunArguments
kotlin.jvm.JvmWildcard
androidx.core.content.res.FontResourcesParserCompat$FetchStrategy
kotlin.coroutines.experimental.SequenceBuilderIterator
io.flutter.embedding.android.FlutterFragmentActivity$NewEngineIntentBuilder
kotlin.collections.AbstractList$IteratorImpl
androidx.core.view.GestureDetectorCompat$GestureDetectorCompatImpl
kotlin.comparisons.NaturalOrderComparator
androidx.core.hardware.fingerprint.FingerprintManagerCompat
androidx.annotation.LongDef
kotlin.collections.AbstractMutableList
androidx.core.app.ActivityRecreator$2
androidx.lifecycle.livedata.R
kotlin.reflect.KMutableProperty0
kotlin.text.StringsKt__IndentKt$getIndentFunction$1
kotlin.sequences.FlatteningSequence
androidx.viewpager.widget.PagerTabStrip$2
kotlin.concurrent.TimersKt
kotlin.coroutines.intrinsics.CoroutineSingletons
kotlin.PreconditionsKt__AssertionsJVMKt
io.flutter.embedding.engine.dart.DartExecutor$DefaultBinaryMessenger:
    public void send(java.lang.String,java.nio.ByteBuffer)